[21-Mar-2015 18:01:58 UTC] PHP Warning:  include(/htdocs/wp-content/advanced-cache.php): failed to open stream: No such file or directory in /htdocs/wp-settings.php on line 65
[21-Mar-2015 18:01:58 UTC] PHP Warning:  include(): Failed opening '/htdocs/wp-content/advanced-cache.php' for inclusion (include_path='/:.') in /htdocs/wp-settings.php on line 65
[21-Mar-2015 18:01:58 UTC] PHP Notice:  Undefined variable: batcache in /htdocs/wp-content/mu-plugins/batcache.php on line 12
[21-Mar-2015 18:01:59 UTC] PHP Fatal error:  Cannot redeclare getBeerInnerHTML() (previously declared in /htdocs/wp-content/plugins/ci-beers-cpt/lib/displayType.php:51) in /htdocs/wp-content/plugins/ci-beers-cpt/lib/displayType.php on line 51
[21-Mar-2015 18:03:37 UTC] PHP Warning:  include(/htdocs/wp-content/advanced-cache.php): failed to open stream: No such file or directory in /htdocs/wp-settings.php on line 65
[21-Mar-2015 18:03:37 UTC] PHP Warning:  include(): Failed opening '/htdocs/wp-content/advanced-cache.php' for inclusion (include_path='/:.') in /htdocs/wp-settings.php on line 65
[21-Mar-2015 18:03:37 UTC] PHP Notice:  Undefined variable: batcache in /htdocs/wp-content/mu-plugins/batcache.php on line 12
[21-Mar-2015 18:03:45 UTC] PHP Warning:  include(/htdocs/wp-content/advanced-cache.php): failed to open stream: No such file or directory in /htdocs/wp-settings.php on line 65
[21-Mar-2015 18:03:45 UTC] PHP Warning:  include(): Failed opening '/htdocs/wp-content/advanced-cache.php' for inclusion (include_path='/:.') in /htdocs/wp-settings.php on line 65
[21-Mar-2015 18:03:46 UTC] PHP Notice:  Undefined variable: batcache in /htdocs/wp-content/mu-plugins/batcache.php on line 12
[21-Mar-2015 18:03:49 UTC] PHP Warning:  include(/htdocs/wp-content/advanced-cache.php): failed to open stream: No such file or directory in /htdocs/wp-settings.php on line 65
[21-Mar-2015 18:03:49 UTC] PHP Warning:  include(): Failed opening '/htdocs/wp-content/advanced-cache.php' for inclusion (include_path='/:.') in /htdocs/wp-settings.php on line 65
[21-Mar-2015 18:03:50 UTC] PHP Notice:  Undefined variable: batcache in /htdocs/wp-content/mu-plugins/batcache.php on line 12
[21-Mar-2015 18:03:53 UTC] PHP Warning:  include(/htdocs/wp-content/advanced-cache.php): failed to open stream: No such file or directory in /htdocs/wp-settings.php on line 65
[21-Mar-2015 18:03:53 UTC] PHP Warning:  include(): Failed opening '/htdocs/wp-content/advanced-cache.php' for inclusion (include_path='/:.') in /htdocs/wp-settings.php on line 65
[21-Mar-2015 18:03:54 UTC] PHP Notice:  Undefined variable: batcache in /htdocs/wp-content/mu-plugins/batcache.php on line 12
[21-Mar-2015 18:03:54 UTC] PHP Warning:  include(/htdocs/wp-content/advanced-cache.php): failed to open stream: No such file or directory in /htdocs/wp-settings.php on line 65
[21-Mar-2015 18:03:54 UTC] PHP Warning:  include(): Failed opening '/htdocs/wp-content/advanced-cache.php' for inclusion (include_path='/:.') in /htdocs/wp-settings.php on line 65
[21-Mar-2015 18:03:54 UTC] PHP Notice:  Undefined variable: batcache in /htdocs/wp-content/mu-plugins/batcache.php on line 12
[21-Mar-2015 18:03:54 UTC] PHP Warning:  include(/htdocs/wp-content/advanced-cache.php): failed to open stream: No such file or directory in /htdocs/wp-settings.php on line 65
[21-Mar-2015 18:03:54 UTC] PHP Warning:  include(): Failed opening '/htdocs/wp-content/advanced-cache.php' for inclusion (include_path='/:.') in /htdocs/wp-settings.php on line 65
[21-Mar-2015 18:03:54 UTC] PHP Notice:  Undefined variable: batcache in /htdocs/wp-content/mu-plugins/batcache.php on line 12
[21-Mar-2015 18:03:58 UTC] PHP Warning:  include(/htdocs/wp-content/advanced-cache.php): failed to open stream: No such file or directory in /htdocs/wp-settings.php on line 65
[21-Mar-2015 18:03:58 UTC] PHP Warning:  include(): Failed opening '/htdocs/wp-content/advanced-cache.php' for inclusion (include_path='/:.') in /htdocs/wp-settings.php on line 65
[21-Mar-2015 18:03:59 UTC] PHP Notice:  Undefined variable: batcache in /htdocs/wp-content/mu-plugins/batcache.php on line 12
[21-Mar-2015 18:04:02 UTC] PHP Warning:  include(/htdocs/wp-content/advanced-cache.php): failed to open stream: No such file or directory in /htdocs/wp-settings.php on line 65
[21-Mar-2015 18:04:02 UTC] PHP Warning:  include(): Failed opening '/htdocs/wp-content/advanced-cache.php' for inclusion (include_path='/:.') in /htdocs/wp-settings.php on line 65
[21-Mar-2015 18:04:02 UTC] PHP Notice:  Undefined variable: batcache in /htdocs/wp-content/mu-plugins/batcache.php on line 12
[21-Mar-2015 18:04:06 UTC] PHP Warning:  include(/htdocs/wp-content/advanced-cache.php): failed to open stream: No such file or directory in /htdocs/wp-settings.php on line 65
[21-Mar-2015 18:04:06 UTC] PHP Warning:  include(): Failed opening '/htdocs/wp-content/advanced-cache.php' for inclusion (include_path='/:.') in /htdocs/wp-settings.php on line 65
[21-Mar-2015 18:04:06 UTC] PHP Notice:  Undefined variable: batcache in /htdocs/wp-content/mu-plugins/batcache.php on line 12
[21-Mar-2015 18:04:06 UTC] PHP Warning:  include(/htdocs/wp-content/advanced-cache.php): failed to open stream: No such file or directory in /htdocs/wp-settings.php on line 65
[21-Mar-2015 18:04:06 UTC] PHP Warning:  include(): Failed opening '/htdocs/wp-content/advanced-cache.php' for inclusion (include_path='/:.') in /htdocs/wp-settings.php on line 65
[21-Mar-2015 18:04:06 UTC] PHP Notice:  Undefined variable: batcache in /htdocs/wp-content/mu-plugins/batcache.php on line 12
[21-Mar-2015 18:04:09 UTC] PHP Warning:  include(/htdocs/wp-content/advanced-cache.php): failed to open stream: No such file or directory in /htdocs/wp-settings.php on line 65
[21-Mar-2015 18:04:09 UTC] PHP Warning:  include(): Failed opening '/htdocs/wp-content/advanced-cache.php' for inclusion (include_path='/:.') in /htdocs/wp-settings.php on line 65
[21-Mar-2015 18:04:09 UTC] PHP Notice:  Undefined variable: batcache in /htdocs/wp-content/mu-plugins/batcache.php on line 12
[21-Mar-2015 18:04:08 UTC] PHP Warning:  include(/htdocs/wp-content/advanced-cache.php): failed to open stream: No such file or directory in /htdocs/wp-settings.php on line 65
[21-Mar-2015 18:04:08 UTC] PHP Warning:  include(): Failed opening '/htdocs/wp-content/advanced-cache.php' for inclusion (include_path='/:.') in /htdocs/wp-settings.php on line 65
[21-Mar-2015 18:04:09 UTC] PHP Notice:  Undefined variable: batcache in /htdocs/wp-content/mu-plugins/batcache.php on line 12
[21-Mar-2015 18:04:09 UTC] PHP Warning:  include(/htdocs/wp-content/advanced-cache.php): failed to open stream: No such file or directory in /htdocs/wp-settings.php on line 65
[21-Mar-2015 18:04:09 UTC] PHP Warning:  include(): Failed opening '/htdocs/wp-content/advanced-cache.php' for inclusion (include_path='/:.') in /htdocs/wp-settings.php on line 65
[21-Mar-2015 18:04:09 UTC] PHP Notice:  Undefined variable: batcache in /htdocs/wp-content/mu-plugins/batcache.php on line 12
[21-Mar-2015 18:04:15 UTC] PHP Warning:  include(/htdocs/wp-content/advanced-cache.php): failed to open stream: No such file or directory in /htdocs/wp-settings.php on line 65
[21-Mar-2015 18:04:15 UTC] PHP Warning:  include(): Failed opening '/htdocs/wp-content/advanced-cache.php' for inclusion (include_path='/:.') in /htdocs/wp-settings.php on line 65
[21-Mar-2015 18:04:16 UTC] PHP Notice:  Undefined variable: batcache in /htdocs/wp-content/mu-plugins/batcache.php on line 12
[21-Mar-2015 18:04:18 UTC] PHP Warning:  include(/htdocs/wp-content/advanced-cache.php): failed to open stream: No such file or directory in /htdocs/wp-settings.php on line 65
[21-Mar-2015 18:04:18 UTC] PHP Warning:  include(): Failed opening '/htdocs/wp-content/advanced-cache.php' for inclusion (include_path='/:.') in /htdocs/wp-settings.php on line 65
[21-Mar-2015 18:04:19 UTC] PHP Notice:  Undefined variable: batcache in /htdocs/wp-content/mu-plugins/batcache.php on line 12
[21-Mar-2015 18:04:20 UTC] PHP Warning:  include(/htdocs/wp-content/advanced-cache.php): failed to open stream: No such file or directory in /htdocs/wp-settings.php on line 65
[21-Mar-2015 18:04:20 UTC] PHP Warning:  include(): Failed opening '/htdocs/wp-content/advanced-cache.php' for inclusion (include_path='/:.') in /htdocs/wp-settings.php on line 65
[21-Mar-2015 18:04:21 UTC] PHP Notice:  Undefined variable: batcache in /htdocs/wp-content/mu-plugins/batcache.php on line 12
[21-Mar-2015 18:04:19 UTC] PHP Warning:  include(/htdocs/wp-content/advanced-cache.php): failed to open stream: No such file or directory in /htdocs/wp-settings.php on line 65
[21-Mar-2015 18:04:19 UTC] PHP Warning:  include(): Failed opening '/htdocs/wp-content/advanced-cache.php' for inclusion (include_path='/:.') in /htdocs/wp-settings.php on line 65
[21-Mar-2015 18:04:19 UTC] PHP Notice:  Undefined variable: batcache in /htdocs/wp-content/mu-plugins/batcache.php on line 12
[21-Mar-2015 18:04:25 UTC] PHP Warning:  include(/htdocs/wp-content/advanced-cache.php): failed to open stream: No such file or directory in /htdocs/wp-settings.php on line 65
[21-Mar-2015 18:04:25 UTC] PHP Warning:  include(): Failed opening '/htdocs/wp-content/advanced-cache.php' for inclusion (include_path='/:.') in /htdocs/wp-settings.php on line 65
[21-Mar-2015 18:04:25 UTC] PHP Notice:  Undefined variable: batcache in /htdocs/wp-content/mu-plugins/batcache.php on line 12
[21-Mar-2015 18:04:42 UTC] PHP Warning:  include(/htdocs/wp-content/advanced-cache.php): failed to open stream: No such file or directory in /htdocs/wp-settings.php on line 65
[21-Mar-2015 18:04:42 UTC] PHP Warning:  include(): Failed opening '/htdocs/wp-content/advanced-cache.php' for inclusion (include_path='/:.') in /htdocs/wp-settings.php on line 65
[21-Mar-2015 18:04:42 UTC] PHP Notice:  Undefined variable: batcache in /htdocs/wp-content/mu-plugins/batcache.php on line 12
[21-Mar-2015 18:04:43 UTC] PHP Warning:  include(/htdocs/wp-content/advanced-cache.php): failed to open stream: No such file or directory in /htdocs/wp-settings.php on line 65
[21-Mar-2015 18:04:43 UTC] PHP Warning:  include(): Failed opening '/htdocs/wp-content/advanced-cache.php' for inclusion (include_path='/:.') in /htdocs/wp-settings.php on line 65
[21-Mar-2015 18:04:43 UTC] PHP Notice:  Undefined variable: batcache in /htdocs/wp-content/mu-plugins/batcache.php on line 12
[21-Mar-2015 18:04:48 UTC] PHP Warning:  include(/htdocs/wp-content/advanced-cache.php): failed to open stream: No such file or directory in /htdocs/wp-settings.php on line 65
[21-Mar-2015 18:04:48 UTC] PHP Warning:  include(): Failed opening '/htdocs/wp-content/advanced-cache.php' for inclusion (include_path='/:.') in /htdocs/wp-settings.php on line 65
[21-Mar-2015 18:04:48 UTC] PHP Notice:  Undefined variable: batcache in /htdocs/wp-content/mu-plugins/batcache.php on line 12
[21-Mar-2015 18:04:53 UTC] PHP Warning:  include(/htdocs/wp-content/advanced-cache.php): failed to open stream: No such file or directory in /htdocs/wp-settings.php on line 65
[21-Mar-2015 18:04:53 UTC] PHP Warning:  include(): Failed opening '/htdocs/wp-content/advanced-cache.php' for inclusion (include_path='/:.') in /htdocs/wp-settings.php on line 65
[21-Mar-2015 18:04:53 UTC] PHP Notice:  Undefined variable: batcache in /htdocs/wp-content/mu-plugins/batcache.php on line 12
[21-Mar-2015 18:04:54 UTC] PHP Strict Standards:  Declaration of TGM_Bulk_Installer_Skin::before() should be compatible with Bulk_Upgrader_Skin::before($title = '') in /htdocs/wp-content/themes/ci-brewery-base/lib/admin/class-tgm-plugin-activation.php on line 1901
[21-Mar-2015 18:04:54 UTC] PHP Strict Standards:  Declaration of TGM_Bulk_Installer_Skin::after() should be compatible with Bulk_Upgrader_Skin::after($title = '') in /htdocs/wp-content/themes/ci-brewery-base/lib/admin/class-tgm-plugin-activation.php on line 1901
[21-Mar-2015 18:04:55 UTC] PHP Warning:  include(/htdocs/wp-content/advanced-cache.php): failed to open stream: No such file or directory in /htdocs/wp-settings.php on line 65
[21-Mar-2015 18:04:55 UTC] PHP Warning:  include(): Failed opening '/htdocs/wp-content/advanced-cache.php' for inclusion (include_path='/:.') in /htdocs/wp-settings.php on line 65
[21-Mar-2015 18:04:55 UTC] PHP Notice:  Undefined variable: batcache in /htdocs/wp-content/mu-plugins/batcache.php on line 12
[21-Mar-2015 18:04:56 UTC] PHP Strict Standards:  Declaration of TGM_Bulk_Installer_Skin::before() should be compatible with Bulk_Upgrader_Skin::before($title = '') in /htdocs/wp-content/themes/ci-brewery-base/lib/admin/class-tgm-plugin-activation.php on line 1901
[21-Mar-2015 18:04:56 UTC] PHP Strict Standards:  Declaration of TGM_Bulk_Installer_Skin::after() should be compatible with Bulk_Upgrader_Skin::after($title = '') in /htdocs/wp-content/themes/ci-brewery-base/lib/admin/class-tgm-plugin-activation.php on line 1901
[21-Mar-2015 18:04:58 UTC] PHP Notice:  Undefined index: Name in /htdocs/wp-content/plugins/js_composer/include/classes/updaters/class-vc-updater.php on line 61
[21-Mar-2015 18:05:02 UTC] PHP Warning:  include(/htdocs/wp-content/advanced-cache.php): failed to open stream: No such file or directory in /htdocs/wp-settings.php on line 65
[21-Mar-2015 18:05:02 UTC] PHP Warning:  include(): Failed opening '/htdocs/wp-content/advanced-cache.php' for inclusion (include_path='/:.') in /htdocs/wp-settings.php on line 65
[21-Mar-2015 18:05:02 UTC] PHP Notice:  Undefined variable: batcache in /htdocs/wp-content/mu-plugins/batcache.php on line 12
[21-Mar-2015 18:05:02 UTC] PHP Strict Standards:  Declaration of TGM_Bulk_Installer_Skin::before() should be compatible with Bulk_Upgrader_Skin::before($title = '') in /htdocs/wp-content/themes/ci-brewery-base/lib/admin/class-tgm-plugin-activation.php on line 1901
[21-Mar-2015 18:05:02 UTC] PHP Strict Standards:  Declaration of TGM_Bulk_Installer_Skin::after() should be compatible with Bulk_Upgrader_Skin::after($title = '') in /htdocs/wp-content/themes/ci-brewery-base/lib/admin/class-tgm-plugin-activation.php on line 1901
[21-Mar-2015 18:05:04 UTC] PHP Warning:  include(/htdocs/wp-content/advanced-cache.php): failed to open stream: No such file or directory in /htdocs/wp-settings.php on line 65
[21-Mar-2015 18:05:04 UTC] PHP Warning:  include(): Failed opening '/htdocs/wp-content/advanced-cache.php' for inclusion (include_path='/:.') in /htdocs/wp-settings.php on line 65
[21-Mar-2015 18:05:04 UTC] PHP Notice:  Undefined variable: batcache in /htdocs/wp-content/mu-plugins/batcache.php on line 12
[21-Mar-2015 18:05:05 UTC] PHP Strict Standards:  Declaration of TGM_Bulk_Installer_Skin::before() should be compatible with Bulk_Upgrader_Skin::before($title = '') in /htdocs/wp-content/themes/ci-brewery-base/lib/admin/class-tgm-plugin-activation.php on line 1901
[21-Mar-2015 18:05:05 UTC] PHP Strict Standards:  Declaration of TGM_Bulk_Installer_Skin::after() should be compatible with Bulk_Upgrader_Skin::after($title = '') in /htdocs/wp-content/themes/ci-brewery-base/lib/admin/class-tgm-plugin-activation.php on line 1901
[21-Mar-2015 18:05:10 UTC] PHP Warning:  include(/htdocs/wp-content/advanced-cache.php): failed to open stream: No such file or directory in /htdocs/wp-settings.php on line 65
[21-Mar-2015 18:05:10 UTC] PHP Warning:  include(): Failed opening '/htdocs/wp-content/advanced-cache.php' for inclusion (include_path='/:.') in /htdocs/wp-settings.php on line 65
[21-Mar-2015 18:05:11 UTC] PHP Notice:  Undefined variable: batcache in /htdocs/wp-content/mu-plugins/batcache.php on line 12
[21-Mar-2015 18:05:11 UTC] PHP Strict Standards:  Declaration of TGM_Bulk_Installer_Skin::before() should be compatible with Bulk_Upgrader_Skin::before($title = '') in /htdocs/wp-content/themes/ci-brewery-base/lib/admin/class-tgm-plugin-activation.php on line 1901
[21-Mar-2015 18:05:11 UTC] PHP Strict Standards:  Declaration of TGM_Bulk_Installer_Skin::after() should be compatible with Bulk_Upgrader_Skin::after($title = '') in /htdocs/wp-content/themes/ci-brewery-base/lib/admin/class-tgm-plugin-activation.php on line 1901
[21-Mar-2015 18:05:14 UTC] PHP Warning:  include(/htdocs/wp-content/advanced-cache.php): failed to open stream: No such file or directory in /htdocs/wp-settings.php on line 65
[21-Mar-2015 18:05:14 UTC] PHP Warning:  include(): Failed opening '/htdocs/wp-content/advanced-cache.php' for inclusion (include_path='/:.') in /htdocs/wp-settings.php on line 65
[21-Mar-2015 18:05:14 UTC] PHP Notice:  Undefined variable: batcache in /htdocs/wp-content/mu-plugins/batcache.php on line 12
[21-Mar-2015 18:05:12 UTC] PHP Warning:  include(/htdocs/wp-content/advanced-cache.php): failed to open stream: No such file or directory in /htdocs/wp-settings.php on line 65
[21-Mar-2015 18:05:12 UTC] PHP Warning:  include(): Failed opening '/htdocs/wp-content/advanced-cache.php' for inclusion (include_path='/:.') in /htdocs/wp-settings.php on line 65
[21-Mar-2015 18:05:12 UTC] PHP Notice:  Undefined variable: batcache in /htdocs/wp-content/mu-plugins/batcache.php on line 12
[21-Mar-2015 18:05:13 UTC] PHP Warning:  call_user_func_array() expects parameter 1 to be a valid callback, function 'ciRegisterEmployeeShortcode' not found or invalid function name in /htdocs/wp-includes/plugin.php on line 496
[21-Mar-2015 18:05:15 UTC] PHP Warning:  call_user_func_array() expects parameter 1 to be a valid callback, function 'ciRegisterEmployeeShortcode' not found or invalid function name in /htdocs/wp-includes/plugin.php on line 496
[21-Mar-2015 18:05:16 UTC] PHP Fatal error:  Cannot redeclare getBeerInnerHTML() (previously declared in /htdocs/wp-content/plugins/ci-beers-cpt/lib/displayType.php:51) in /htdocs/wp-content/plugins/ci-beers-cpt/lib/displayType.php on line 51
[21-Mar-2015 18:05:15 UTC] PHP Warning:  The URL http://cisandbox.mystagingwebsite.com/wp-content/plugins/beers-cpt_version_metadata.json?checking_for_updates=1&installed_version=1.02 does not point to a valid plugin metadata file. HTTP response code is 404 (expected: 200) in /htdocs/wp-content/plugins/ci-beers-cpt/plugin-updates/plugin-update-checker.php on line 203
[21-Mar-2015 18:05:19 UTC] PHP Warning:  include(/htdocs/wp-content/advanced-cache.php): failed to open stream: No such file or directory in /htdocs/wp-settings.php on line 65
[21-Mar-2015 18:05:19 UTC] PHP Warning:  include(): Failed opening '/htdocs/wp-content/advanced-cache.php' for inclusion (include_path='/:.') in /htdocs/wp-settings.php on line 65
[21-Mar-2015 18:05:19 UTC] PHP Notice:  Undefined variable: batcache in /htdocs/wp-content/mu-plugins/batcache.php on line 12
[21-Mar-2015 18:05:20 UTC] PHP Warning:  call_user_func_array() expects parameter 1 to be a valid callback, function 'ciRegisterEmployeeShortcode' not found or invalid function name in /htdocs/wp-includes/plugin.php on line 496
[21-Mar-2015 18:05:20 UTC] PHP Fatal error:  Cannot redeclare getBeerInnerHTML() (previously declared in /htdocs/wp-content/plugins/ci-beers-cpt/lib/displayType.php:51) in /htdocs/wp-content/plugins/ci-beers-cpt/lib/displayType.php on line 51
